Setting the LD random seed to 1995984867

Generated 70500 of the 70500 non-bonded parameter combinations

Generated 70500 of the 70500 1-4 parameter combinations

Excluding 2 bonded neighbours molecule type 'SOL'

turning H bonds into constraints...

Excluding 1 bonded neighbours molecule type 'ZN'

turning H bonds into constraints...

Excluding 1 bonded neighbours molecule type 'I'

turning H bonds into constraints...

Excluding 1 bonded neighbours molecule type 'BR'

turning H bonds into constraints...

Excluding 3 bonded neighbours molecule type 'NH4'

turning H bonds into constraints...

Excluding 2 bonded neighbours molecule type 'I2'

turning H bonds into constraints...

Excluding 2 bonded neighbours molecule type 'I3'

turning H bonds into constraints...

Excluding 2 bonded neighbours molecule type 'I2B'

turning H bonds into constraints...
Analysing residue names:
There are:  1112      Water residues
There are:   161        Ion residues
There are:   102      Other residues
Analysing residues not classified as Protein/DNA/RNA/Water and splitting into groups...

The largest distance between excluded atoms is 0.587 nm between atom 3984 and 3986
Calculating fourier grid dimensions for X Y Z
Using a fourier grid of 32x32x32, spacing 0.106 0.106 0.106

Estimate for the relative computational load of the PME mesh part: 0.24

This run will generate roughly 0 Mb of data
