Setting the LD random seed to -1223706113

Generated 70500 of the 70500 non-bonded parameter combinations

Generated 70500 of the 70500 1-4 parameter combinations

Excluding 2 bonded neighbours molecule type 'SOL'

turning H bonds into constraints...

Excluding 1 bonded neighbours molecule type 'ZN'

turning H bonds into constraints...

Excluding 1 bonded neighbours molecule type 'I'

turning H bonds into constraints...

Excluding 1 bonded neighbours molecule type 'BR'

turning H bonds into constraints...

Excluding 3 bonded neighbours molecule type 'NH4'

turning H bonds into constraints...

Excluding 2 bonded neighbours molecule type 'I2'

turning H bonds into constraints...

Excluding 2 bonded neighbours molecule type 'I3'

turning H bonds into constraints...

Excluding 2 bonded neighbours molecule type 'I2B'

turning H bonds into constraints...

Velocities were taken from a Maxwell distribution at 298.15 K
Analysing residue names:
There are:  1112      Water residues
There are:   165        Ion residues
There are:    98      Other residues
Analysing residues not classified as Protein/DNA/RNA/Water and splitting into groups...

The largest distance between excluded atoms is 0.582 nm between atom 3979 and 3981

Determining Verlet buffer for a tolerance of 0.005 kJ/mol/ps at 298.15 K

Calculated rlist for 1x1 atom pair-list as 1.098 nm, buffer size 0.098 nm

Set rlist, assuming 4x4 atom pair-list, to 1.028 nm, buffer size 0.028 nm

Note that mdrun will redetermine rlist based on the actual pair-list setup
Calculating fourier grid dimensions for X Y Z
Using a fourier grid of 32x32x32, spacing 0.106 0.106 0.106

Estimate for the relative computational load of the PME mesh part: 0.25

This run will generate roughly 2 Mb of data
